Not enough permission to place log file at /var/log/archinstall/install.log, creating it in /home/jason/scripts/install.log instead
Hardware model detected: Apple Inc. iMac15,1; UEFI mode: True
Processor model detected: Intel(R) Core(TM) i5-4690 CPU @ 3.50GHz
Memory statistics: 15007532 available out of 16317824 total installed
Could not detect virtual system: ['/usr/bin/systemd-detect-virt'] exited with abnormal exit code [1]: none

System is not running in a VM: ['/usr/bin/systemd-detect-virt'] exited with abnormal exit code [1]: none

Virtualization detected: None; is VM: False
Graphics devices detected: dict_keys(['Advanced Micro Devices, Inc. [AMD/ATI] Curacao XT / Trinidad XT [Radeon R7 370 / R9 270X/370X]'])
Disk states before installing: [
    {
        "children": [
            {
                "children": [],
                "fsavail": null,
                "fsroots": [],
                "fstype": "vfat",
                "fsuse_percentage": null,
                "fsver": "FAT32",
                "log_sec": 512,
                "mountpoint": null,
                "mountpoints": [],
                "name": "sda1",
                "partn": 1,
                "parttype": "c12a7328-f81f-11d2-ba4b-00a0c93ec93b",
                "partuuid": "ebf3d966-ce75-467d-9ddd-5ac8e0659a47",
                "path": "/dev/sda1",
                "pkname": "sda",
                "pttype": "gpt",
                "ptuuid": "f7f995d7-134d-4036-a1ce-f51dc9138384",
                "rota": true,
                "size": "1024 MiB",
                "tran": null,
                "type": "part",
                "uuid": "4088-8D3A"
            },
            {
                "children": [],
                "fsavail": null,
                "fsroots": [],
                "fstype": "ext4",
                "fsuse_percentage": null,
                "fsver": "1.0",
                "log_sec": 512,
                "mountpoint": null,
                "mountpoints": [],
                "name": "sda2",
                "partn": 2,
                "parttype": "4f68bce3-e8cd-4db1-96e7-fbcaf984b709",
                "partuuid": "1061547f-a680-4bb7-bdde-91b6813c0c05",
                "path": "/dev/sda2",
                "pkname": "sda",
                "pttype": "gpt",
                "ptuuid": "f7f995d7-134d-4036-a1ce-f51dc9138384",
                "rota": true,
                "size": "5722140 MiB",
                "tran": null,
                "type": "part",
                "uuid": "469a3100-9a7a-4b94-8867-4242d34fe7f3"
            }
        ],
        "fsavail": null,
        "fsroots": [],
        "fstype": null,
        "fsuse_percentage": null,
        "fsver": null,
        "log_sec": 512,
        "mountpoint": null,
        "mountpoints": [],
        "name": "sda",
        "partn": null,
        "parttype": null,
        "partuuid": null,
        "path": "/dev/sda",
        "pkname": null,
        "pttype": "gpt",
        "ptuuid": "f7f995d7-134d-4036-a1ce-f51dc9138384",
        "rota": true,
        "size": "5723166 MiB",
        "tran": "sata",
        "type": "disk",
        "uuid": null
    },
    {
        "children": [
            {
                "children": [],
                "fsavail": null,
                "fsroots": [],
                "fstype": "vfat",
                "fsuse_percentage": null,
                "fsver": "FAT32",
                "log_sec": 512,
                "mountpoint": null,
                "mountpoints": [],
                "name": "sdb1",
                "partn": 1,
                "parttype": "c12a7328-f81f-11d2-ba4b-00a0c93ec93b",
                "partuuid": "279b821d-6d82-49f7-afe4-fdcdcd1567b5",
                "path": "/dev/sdb1",
                "pkname": "sdb",
                "pttype": "gpt",
                "ptuuid": "1cb43380-b8fb-46ee-bfa6-610973544447",
                "rota": false,
                "size": "200 MiB",
                "tran": null,
                "type": "part",
                "uuid": "7D9C-A68E"
            },
            {
                "children": [],
                "fsavail": null,
                "fsroots": [],
                "fstype": "apfs",
                "fsuse_percentage": null,
                "fsver": null,
                "log_sec": 512,
                "mountpoint": null,
                "mountpoints": [],
                "name": "sdb2",
                "partn": 2,
                "parttype": "7c3457ef-0000-11aa-aa11-00306543ecac",
                "partuuid": "d0b19ac7-e6de-493f-baca-df34550cf195",
                "path": "/dev/sdb2",
                "pkname": "sdb",
                "pttype": "gpt",
                "ptuuid": "1cb43380-b8fb-46ee-bfa6-610973544447",
                "rota": false,
                "size": "429090 MiB",
                "tran": null,
                "type": "part",
                "uuid": "eeb139b3-9dc5-428f-a882-23293add2a67"
            },
            {
                "children": [],
                "fsavail": null,
                "fsroots": [],
                "fstype": "apfs",
                "fsuse_percentage": null,
                "fsver": null,
                "log_sec": 512,
                "mountpoint": null,
                "mountpoints": [],
                "name": "sdb3",
                "partn": 3,
                "parttype": "7c3457ef-0000-11aa-aa11-00306543ecac",
                "partuuid": "0200d128-f8e0-4d21-b323-1317efdb5fc4",
                "path": "/dev/sdb3",
                "pkname": "sdb",
                "pttype": "gpt",
                "ptuuid": "1cb43380-b8fb-46ee-bfa6-610973544447",
                "rota": false,
                "size": "47811 MiB",
                "tran": null,
                "type": "part",
                "uuid": "50dcade7-944f-42b7-90b3-63d7fabdb549"
            }
        ],
        "fsavail": null,
        "fsroots": [],
        "fstype": null,
        "fsuse_percentage": null,
        "fsver": null,
        "log_sec": 512,
        "mountpoint": null,
        "mountpoints": [],
        "name": "sdb",
        "partn": null,
        "parttype": null,
        "partuuid": null,
        "path": "/dev/sdb",
        "pkname": null,
        "pttype": "gpt",
        "ptuuid": "1cb43380-b8fb-46ee-bfa6-610973544447",
        "rota": false,
        "size": "477102 MiB",
        "tran": "sata",
        "type": "disk",
        "uuid": null
    },
    {
        "children": [
            {
                "children": [],
                "fsavail": 4286558208,
                "fsroots": [
                    "."
                ],
                "fstype": "vfat",
                "fsuse_percentage": "0%",
                "fsver": "FAT32",
                "log_sec": 512,
                "mountpoint": "/mnt/boot",
                "mountpoints": [
                    "/mnt/boot"
                ],
                "name": "sdc1",
                "partn": 1,
                "parttype": "c12a7328-f81f-11d2-ba4b-00a0c93ec93b",
                "partuuid": "b263fbd1-83f0-4ee2-a5cc-73b2eb02e9a7",
                "path": "/dev/sdc1",
                "pkname": "sdc",
                "pttype": "gpt",
                "ptuuid": "79c5e7e8-61b9-4f1e-b1f1-e8cf1e0fa76e",
                "rota": true,
                "size": "4096 MiB",
                "tran": null,
                "type": "part",
                "uuid": "078C-AC38"
            },
            {
                "children": [],
                "fsavail": null,
                "fsroots": [],
                "fstype": "swap",
                "fsuse_percentage": null,
                "fsver": "1",
                "log_sec": 512,
                "mountpoint": null,
                "mountpoints": [],
                "name": "sdc2",
                "partn": 2,
                "parttype": "0657fd6d-a4ab-43c4-84e5-0933c84b4f4f",
                "partuuid": "3657437f-ba7e-4bfd-85a2-9e5b6d1745b3",
                "path": "/dev/sdc2",
                "pkname": "sdc",
                "pttype": "gpt",
                "ptuuid": "79c5e7e8-61b9-4f1e-b1f1-e8cf1e0fa76e",
                "rota": true,
                "size": "16384 MiB",
                "tran": null,
                "type": "part",
                "uuid": "ebb8ee22-7293-4414-a1f8-35cdd8a04d6f"
            },
            {
                "children": [],
                "fsavail": 146992103424,
                "fsroots": [
                    "."
                ],
                "fstype": "ext4",
                "fsuse_percentage": "3%",
                "fsver": "1.0",
                "log_sec": 512,
                "mountpoint": "/mnt",
                "mountpoints": [
                    "/mnt"
                ],
                "name": "sdc3",
                "partn": 3,
                "parttype": "4f68bce3-e8cd-4db1-96e7-fbcaf984b709",
                "partuuid": "6570aaed-bff4-484e-9958-10cc6ea7469d",
                "path": "/dev/sdc3",
                "pkname": "sdc",
                "pttype": "gpt",
                "ptuuid": "79c5e7e8-61b9-4f1e-b1f1-e8cf1e0fa76e",
                "rota": true,
                "size": "156109 MiB",
                "tran": null,
                "type": "part",
                "uuid": "40aee1a4-b995-4c27-a9ae-a4656bfb39e0"
            }
        ],
        "fsavail": null,
        "fsroots": [],
        "fstype": null,
        "fsuse_percentage": null,
        "fsver": null,
        "log_sec": 512,
        "mountpoint": null,
        "mountpoints": [],
        "name": "sdc",
        "partn": null,
        "parttype": null,
        "partuuid": null,
        "path": "/dev/sdc",
        "pkname": null,
        "pttype": "gpt",
        "ptuuid": "79c5e7e8-61b9-4f1e-b1f1-e8cf1e0fa76e",
        "rota": true,
        "size": "476940 MiB",
        "tran": "usb",
        "type": "disk",
        "uuid": null
    },
    {
        "children": [
            {
                "children": [],
                "fsavail": 4084944896,
                "fsroots": [
                    "."
                ],
                "fstype": "vfat",
                "fsuse_percentage": "5%",
                "fsver": "FAT32",
                "log_sec": 512,
                "mountpoint": "/boot",
                "mountpoints": [
                    "/boot"
                ],
                "name": "sdd1",
                "partn": 1,
                "parttype": "c12a7328-f81f-11d2-ba4b-00a0c93ec93b",
                "partuuid": "ebe7e8ce-42d7-4c32-afc2-cf3c4a78217d",
                "path": "/dev/sdd1",
                "pkname": "sdd",
                "pttype": "gpt",
                "ptuuid": "62586946-3c6d-4e5e-8210-85e93677afc1",
                "rota": true,
                "size": "4096 MiB",
                "tran": null,
                "type": "part",
                "uuid": "5DE6-BB1B"
            },
            {
                "children": [],
                "fsavail": null,
                "fsroots": [],
                "fstype": "swap",
                "fsuse_percentage": null,
                "fsver": "1",
                "log_sec": 512,
                "mountpoint": "[SWAP]",
                "mountpoints": [
                    "[SWAP]"
                ],
                "name": "sdd2",
                "partn": 2,
                "parttype": "0657fd6d-a4ab-43c4-84e5-0933c84b4f4f",
                "partuuid": "6dbadb93-6264-4744-9f2a-f6dff3a00b49",
                "path": "/dev/sdd2",
                "pkname": "sdd",
                "pttype": "gpt",
                "ptuuid": "62586946-3c6d-4e5e-8210-85e93677afc1",
                "rota": true,
                "size": "10240 MiB",
                "tran": null,
                "type": "part",
                "uuid": "7f1f519e-b4ef-4d7b-8d8a-341da52e12b6"
            },
            {
                "children": [],
                "fsavail": 69850791936,
                "fsroots": [
                    "."
                ],
                "fstype": "ext4",
                "fsuse_percentage": "32%",
                "fsver": "1.0",
                "log_sec": 512,
                "mountpoint": "/",
                "mountpoints": [
                    "/"
                ],
                "name": "sdd3",
                "partn": 3,
                "parttype": "0fc63daf-8483-4772-8e79-3d69d8477de4",
                "partuuid": "051514ca-cfe0-4d14-b6c3-59270c6a4cc5",
                "path": "/dev/sdd3",
                "pkname": "sdd",
                "pttype": "gpt",
                "ptuuid": "62586946-3c6d-4e5e-8210-85e93677afc1",
                "rota": true,
                "size": "108039 MiB",
                "tran": null,
                "type": "part",
                "uuid": "e3dcfb48-4c97-45d4-bdc2-6cb14b7ba217"
            }
        ],
        "fsavail": null,
        "fsroots": [],
        "fstype": null,
        "fsuse_percentage": null,
        "fsver": null,
        "log_sec": 512,
        "mountpoint": null,
        "mountpoints": [],
        "name": "sdd",
        "partn": null,
        "parttype": null,
        "partuuid": null,
        "path": "/dev/sdd",
        "pkname": null,
        "pttype": "gpt",
        "ptuuid": "62586946-3c6d-4e5e-8210-85e93677afc1",
        "rota": true,
        "size": "122376 MiB",
        "tran": "usb",
        "type": "disk",
        "uuid": null
    }
]
